C51 COMPILER V9.60.7.0   MAIN                                                              12/06/2023 13:22:17 PAGE 1   


C51 COMPILER V9.60.7.0, COMPILATION OF MODULE MAIN
OBJECT MODULE PLACED IN .\Objects\main.obj
COMPILER INVOKED BY: C:\Keil_v5\C51\BIN\C51.EXE main.c OPTIMIZE(8,SPEED) BROWSE DEBUG OBJECTEXTEND PRINT(.\Listings\main
                    -.lst) TABS(2) OBJECT(.\Objects\main.obj)

line level    source

   1           #include<REGX52.H>
   2           
   3           int main(void){
   4   1         
   5   1          // P2=0xFE;
   6   1           P0=0x00;
   7   1         
   8   1         return 0;
   9   1       }


MODULE INFORMATION:   STATIC OVERLAYABLE
   CODE SIZE        =      6    ----
   CONSTANT SIZE    =   ----    ----
   XDATA SIZE       =   ----    ----
   PDATA SIZE       =   ----    ----
   DATA SIZE        =   ----    ----
   IDATA SIZE       =   ----    ----
   BIT SIZE         =   ----    ----
END OF MODULE INFORMATION.


C51 COMPILATION COMPLETE.  0 WARNING(S),  0 ERROR(S)
